g:\kmprogramowanie\cpp\git\cinema\cinema\x64\debug\vc142.pdb
g:\kmprogramowanie\cpp\git\cinema\cinema\x64\debug\vc142.idb
g:\kmprogramowanie\cpp\git\cinema\cinema\x64\debug\user_data_service.obj
g:\kmprogramowanie\cpp\git\cinema\cinema\x64\debug\users_repository.obj
g:\kmprogramowanie\cpp\git\cinema\cinema\x64\debug\rooms_validator.obj
g:\kmprogramowanie\cpp\git\cinema\cinema\x64\debug\tickets_repository.obj
g:\kmprogramowanie\cpp\git\cinema\cinema\x64\debug\source.obj
g:\kmprogramowanie\cpp\git\cinema\cinema\x64\debug\screening_rooms_repository.obj
g:\kmprogramowanie\cpp\git\cinema\cinema\x64\debug\reservations_repository.obj
g:\kmprogramowanie\cpp\git\cinema\cinema\x64\debug\registration_validator.obj
g:\kmprogramowanie\cpp\git\cinema\cinema\x64\debug\purchase_repository.obj
g:\kmprogramowanie\cpp\git\cinema\cinema\x64\debug\programme_repository.obj
g:\kmprogramowanie\cpp\git\cinema\cinema\x64\debug\movies_repository.obj
g:\kmprogramowanie\cpp\git\cinema\cinema\x64\debug\menu_service.obj
g:\kmprogramowanie\cpp\git\cinema\cinema\x64\debug\favorite_repository.obj
g:\kmprogramowanie\cpp\git\cinema\cinema\x64\debug\db_connection.obj
g:\kmprogramowanie\cpp\git\cinema\cinema\x64\debug\cinemas_repository.obj
g:\kmprogramowanie\cpp\git\cinema\cinema\x64\debug\sqlite3.obj
g:\kmprogramowanie\cpp\git\cinema\cinema\x64\debug\user_service.obj
g:\kmprogramowanie\cpp\git\cinema\x64\debug\cinema.exe
g:\kmprogramowanie\cpp\git\cinema\x64\debug\cinema.ilk
g:\kmprogramowanie\cpp\git\cinema\x64\debug\cinema.pdb
g:\kmprogramowanie\cpp\git\cinema\cinema\x64\debug\cinema_repository.obj
g:\kmprogramowanie\cpp\git\cinema\cinema\x64\debug\favorite_validator.obj
g:\kmprogramowanie\cpp\git\cinema\cinema\x64\debug\tickets_validator.obj
g:\kmprogramowanie\cpp\git\cinema\cinema\x64\debug\cinema.tlog\cl.command.1.tlog
g:\kmprogramowanie\cpp\git\cinema\cinema\x64\debug\cinema.tlog\cl.read.1.tlog
g:\kmprogramowanie\cpp\git\cinema\cinema\x64\debug\cinema.tlog\cl.write.1.tlog
g:\kmprogramowanie\cpp\git\cinema\cinema\x64\debug\cinema.tlog\link.command.1.tlog
g:\kmprogramowanie\cpp\git\cinema\cinema\x64\debug\cinema.tlog\link.read.1.tlog
g:\kmprogramowanie\cpp\git\cinema\cinema\x64\debug\cinema.tlog\link.write.1.tlog
